
**** Clean-only build of configuration Debug for project TExaS ****

"C:\\ti\\ccsv8\\utils\\bin\\gmake" -k -j 8 clean -O 
 
DEL /F  "TExaS.hex"  "TExaS.out" 
DEL /F "Clock.obj" "LaunchPad.obj" "SysTick.obj" "TExaS.obj" "TExaSmain.obj" "startup_msp432p401r_ccs.obj" "system_msp432p401r.obj" 
DEL /F "Clock.d" "LaunchPad.d" "SysTick.d" "TExaS.d" "TExaSmain.d" "startup_msp432p401r_ccs.d" "system_msp432p401r.d" 
Finished clean
 

**** Build Finished ****

**** Build of configuration Debug for project TExaS ****

"C:\\ti\\ccsv8\\utils\\bin\\gmake" -k -j 8 all -O 
 
Building file: "../startup_msp432p401r_ccs.c"
Invoking: MSP432 Compiler
"C:/ti/ccsv8/tools/compiler/ti-cgt-arm_18.1.1.LTS/bin/armcl" -mv7M4 --code_state=16 --float_support=FPv4SPD16 -me --include_path="C:/ti/ccsv8/ccs_base/arm/include" --include_path="C:/ti/ccsv8/ccs_base/arm/include/CMSIS" --include_path="F:/MPS432/RSLK_base/TExaS" --include_path="C:/ti/ccsv8/tools/compiler/ti-cgt-arm_18.1.1.LTS/include" --advice:power=all --define=__MSP432P401R__ --define=ccs -g --c99 --gcc --diag_warning=225 --diag_wrap=off --display_error_number --abi=eabi --preproc_with_compile --preproc_dependency="startup_msp432p401r_ccs.d_raw"  "../startup_msp432p401r_ccs.c"
Finished building: "../startup_msp432p401r_ccs.c"
 
Building file: "F:/MPS432/RSLK_base/inc/LaunchPad.c"
Invoking: MSP432 Compiler
"C:/ti/ccsv8/tools/compiler/ti-cgt-arm_18.1.1.LTS/bin/armcl" -mv7M4 --code_state=16 --float_support=FPv4SPD16 -me --include_path="C:/ti/ccsv8/ccs_base/arm/include" --include_path="C:/ti/ccsv8/ccs_base/arm/include/CMSIS" --include_path="F:/MPS432/RSLK_base/TExaS" --include_path="C:/ti/ccsv8/tools/compiler/ti-cgt-arm_18.1.1.LTS/include" --advice:power=all --define=__MSP432P401R__ --define=ccs -g --c99 --gcc --diag_warning=225 --diag_wrap=off --display_error_number --abi=eabi --preproc_with_compile --preproc_dependency="LaunchPad.d_raw"  "F:/MPS432/RSLK_base/inc/LaunchPad.c"
Finished building: "F:/MPS432/RSLK_base/inc/LaunchPad.c"
 
Building file: "F:/MPS432/RSLK_base/inc/SysTick.c"
Invoking: MSP432 Compiler
"C:/ti/ccsv8/tools/compiler/ti-cgt-arm_18.1.1.LTS/bin/armcl" -mv7M4 --code_state=16 --float_support=FPv4SPD16 -me --include_path="C:/ti/ccsv8/ccs_base/arm/include" --include_path="C:/ti/ccsv8/ccs_base/arm/include/CMSIS" --include_path="F:/MPS432/RSLK_base/TExaS" --include_path="C:/ti/ccsv8/tools/compiler/ti-cgt-arm_18.1.1.LTS/include" --advice:power=all --define=__MSP432P401R__ --define=ccs -g --c99 --gcc --diag_warning=225 --diag_wrap=off --display_error_number --abi=eabi --preproc_with_compile --preproc_dependency="SysTick.d_raw"  "F:/MPS432/RSLK_base/inc/SysTick.c"
"F:/MPS432/RSLK_base/inc/SysTick.c", line 75: remark #1527-D: (ULP 2.1) Detected SW delay loop using empty loop. Recommend using a timer module instead
Finished building: "F:/MPS432/RSLK_base/inc/SysTick.c"
 
Building file: "F:/MPS432/RSLK_base/inc/Clock.c"
Invoking: MSP432 Compiler
"C:/ti/ccsv8/tools/compiler/ti-cgt-arm_18.1.1.LTS/bin/armcl" -mv7M4 --code_state=16 --float_support=FPv4SPD16 -me --include_path="C:/ti/ccsv8/ccs_base/arm/include" --include_path="C:/ti/ccsv8/ccs_base/arm/include/CMSIS" --include_path="F:/MPS432/RSLK_base/TExaS" --include_path="C:/ti/ccsv8/tools/compiler/ti-cgt-arm_18.1.1.LTS/include" --advice:power=all --define=__MSP432P401R__ --define=ccs -g --c99 --gcc --diag_warning=225 --diag_wrap=off --display_error_number --abi=eabi --preproc_with_compile --preproc_dependency="Clock.d_raw"  "F:/MPS432/RSLK_base/inc/Clock.c"
Finished building: "F:/MPS432/RSLK_base/inc/Clock.c"
 
Building file: "../TExaSmain.c"
Invoking: MSP432 Compiler
"C:/ti/ccsv8/tools/compiler/ti-cgt-arm_18.1.1.LTS/bin/armcl" -mv7M4 --code_state=16 --float_support=FPv4SPD16 -me --include_path="C:/ti/ccsv8/ccs_base/arm/include" --include_path="C:/ti/ccsv8/ccs_base/arm/include/CMSIS" --include_path="F:/MPS432/RSLK_base/TExaS" --include_path="C:/ti/ccsv8/tools/compiler/ti-cgt-arm_18.1.1.LTS/include" --advice:power=all --define=__MSP432P401R__ --define=ccs -g --c99 --gcc --diag_warning=225 --diag_wrap=off --display_error_number --abi=eabi --preproc_with_compile --preproc_dependency="TExaSmain.d_raw"  "../TExaSmain.c"
"../TExaSmain.c", line 108: remark #1527-D: (ULP 2.1) Detected SW delay loop using empty loop. Recommend using a timer module instead
Finished building: "../TExaSmain.c"
 
Building file: "../system_msp432p401r.c"
Invoking: MSP432 Compiler
"C:/ti/ccsv8/tools/compiler/ti-cgt-arm_18.1.1.LTS/bin/armcl" -mv7M4 --code_state=16 --float_support=FPv4SPD16 -me --include_path="C:/ti/ccsv8/ccs_base/arm/include" --include_path="C:/ti/ccsv8/ccs_base/arm/include/CMSIS" --include_path="F:/MPS432/RSLK_base/TExaS" --include_path="C:/ti/ccsv8/tools/compiler/ti-cgt-arm_18.1.1.LTS/include" --advice:power=all --define=__MSP432P401R__ --define=ccs -g --c99 --gcc --diag_warning=225 --diag_wrap=off --display_error_number --abi=eabi --preproc_with_compile --preproc_dependency="system_msp432p401r.d_raw"  "../system_msp432p401r.c"
"../system_msp432p401r.c", line 112: remark #2623-D: (ULP 5.4) Detected an assignment to a type with size less than int. To avoid unnecessary sign extension, use int-sized types for local varaibles and convert to smaller types for static storage.
"../system_msp432p401r.c", line 160: remark #2623-D: (ULP 5.4) Detected an assignment to a type with size less than int. To avoid unnecessary sign extension, use int-sized types for local varaibles and convert to smaller types for static storage.
"../system_msp432p401r.c", line 193: remark #2623-D: (ULP 5.4) Detected an assignment to a type with size less than int. To avoid unnecessary sign extension, use int-sized types for local varaibles and convert to smaller types for static storage.
Finished building: "../system_msp432p401r.c"
 
Building file: "F:/MPS432/RSLK_base/inc/TExaS.c"
Invoking: MSP432 Compiler
"C:/ti/ccsv8/tools/compiler/ti-cgt-arm_18.1.1.LTS/bin/armcl" -mv7M4 --code_state=16 --float_support=FPv4SPD16 -me --include_path="C:/ti/ccsv8/ccs_base/arm/include" --include_path="C:/ti/ccsv8/ccs_base/arm/include/CMSIS" --include_path="F:/MPS432/RSLK_base/TExaS" --include_path="C:/ti/ccsv8/tools/compiler/ti-cgt-arm_18.1.1.LTS/include" --advice:power=all --define=__MSP432P401R__ --define=ccs -g --c99 --gcc --diag_warning=225 --diag_wrap=off --display_error_number --abi=eabi --preproc_with_compile --preproc_dependency="TExaS.d_raw"  "F:/MPS432/RSLK_base/inc/TExaS.c"
"F:/MPS432/RSLK_base/inc/TExaS.c", line 121: remark #1527-D: (ULP 2.1) Detected SW delay loop using empty loop. Recommend using a timer module instead
"F:/MPS432/RSLK_base/inc/TExaS.c", line 280: remark #1527-D: (ULP 2.1) Detected SW delay loop using empty loop. Recommend using a timer module instead
"F:/MPS432/RSLK_base/inc/TExaS.c", line 289: remark #1527-D: (ULP 2.1) Detected SW delay loop using empty loop. Recommend using a timer module instead
"F:/MPS432/RSLK_base/inc/TExaS.c", line 411: remark #1527-D: (ULP 2.1) Detected SW delay loop using empty loop. Recommend using a timer module instead
"F:/MPS432/RSLK_base/inc/TExaS.c", line 453: remark #1527-D: (ULP 2.1) Detected SW delay loop using empty loop. Recommend using a timer module instead
Finished building: "F:/MPS432/RSLK_base/inc/TExaS.c"
 
Building target: "TExaS.out"
Invoking: MSP432 Linker
"C:/ti/ccsv8/tools/compiler/ti-cgt-arm_18.1.1.LTS/bin/armcl" -mv7M4 --code_state=16 --float_support=FPv4SPD16 -me --advice:power=all --define=__MSP432P401R__ --define=ccs -g --c99 --gcc --diag_warning=225 --diag_wrap=off --display_error_number --abi=eabi -z -m"TExaS.map" --heap_size=1024 --stack_size=512 -i"C:/ti/ccsv8/ccs_base/arm/include" -i"C:/ti/ccsv8/tools/compiler/ti-cgt-arm_18.1.1.LTS/lib" -i"C:/ti/ccsv8/tools/compiler/ti-cgt-arm_18.1.1.LTS/include" --reread_libs --diag_wrap=off --display_error_number --warn_sections --xml_link_info="TExaS_linkInfo.xml" --rom_model -o "TExaS.out" "./Clock.obj" "./LaunchPad.obj" "./SysTick.obj" "./TExaS.obj" "./TExaSmain.obj" "./startup_msp432p401r_ccs.obj" "./system_msp432p401r.obj" "../msp432p401r.cmd"  -llibc.a 
<Linking>
remark #10371-D: (ULP 1.1) Detected no uses of low power mode state changing instructions
remark #10372-D: (ULP 4.1) Detected uninitialized Port 1 in this project. Recommend initializing all unused ports to eliminate wasted current consumption on unused pins.
remark #10372-D: (ULP 4.1) Detected uninitialized Port 2 in this project. Recommend initializing all unused ports to eliminate wasted current consumption on unused pins.
remark #10372-D: (ULP 4.1) Detected uninitialized Port 3 in this project. Recommend initializing all unused ports to eliminate wasted current consumption on unused pins.
remark #10372-D: (ULP 4.1) Detected uninitialized Port 4 in this project. Recommend initializing all unused ports to eliminate wasted current consumption on unused pins.
remark #10372-D: (ULP 4.1) Detected uninitialized Port 5 in this project. Recommend initializing all unused ports to eliminate wasted current consumption on unused pins.
remark #10372-D: (ULP 4.1) Detected uninitialized Port 6 in this project. Recommend initializing all unused ports to eliminate wasted current consumption on unused pins.
remark #10372-D: (ULP 4.1) Detected uninitialized Port 7 in this project. Recommend initializing all unused ports to eliminate wasted current consumption on unused pins.
remark #10372-D: (ULP 4.1) Detected uninitialized Port 8 in this project. Recommend initializing all unused ports to eliminate wasted current consumption on unused pins.
remark #10372-D: (ULP 4.1) Detected uninitialized Port 9 in this project. Recommend initializing all unused ports to eliminate wasted current consumption on unused pins.
remark #10372-D: (ULP 4.1) Detected uninitialized Port 10 in this project. Recommend initializing all unused ports to eliminate wasted current consumption on unused pins.
Finished building target: "TExaS.out"
 

**** Build Finished ****

**** Build of configuration Debug for project TExaS ****

"C:\\ti\\ccsv8\\utils\\bin\\gmake" -k -j 8 all -O 
 
gmake[1]: 'TExaS.out' is up to date.

**** Build Finished ****

**** Build of configuration Debug for project TExaS ****

"C:\\ti\\ccsv8\\utils\\bin\\gmake" -k -j 8 all -O 
 
gmake[1]: 'TExaS.out' is up to date.

**** Build Finished ****

**** Clean-only build of configuration Debug for project Lab08_Track_Maze ****

"C:\\ti\\ccsv8\\utils\\bin\\gmake" -k -j 8 clean -O 
 
DEL /F  "Lab08_Track_Maze.hex"  "Lab08_Track_Maze.out" 
DEL /F "Clock.obj" "JN_LCD.obj" "Motor.obj" "PWM.obj" "Reflectance.obj" "UART0.obj" "main.obj" "startup_msp432p401r_ccs.obj" "system_msp432p401r.obj" 
DEL /F "Clock.d" "JN_LCD.d" "Motor.d" "PWM.d" "Reflectance.d" "UART0.d" "main.d" "startup_msp432p401r_ccs.d" "system_msp432p401r.d" 
Finished clean
 

**** Build Finished ****

**** Build of configuration Debug for project Lab08_Track_Maze ****

"C:\\ti\\ccsv8\\utils\\bin\\gmake" -k -j 8 all -O 
 
Building file: "../startup_msp432p401r_ccs.c"
Invoking: ARM Compiler
"C:/ti/ccsv8/tools/compiler/ti-cgt-arm_18.1.1.LTS/bin/armcl" -mv7M4 --code_state=16 --float_support=FPv4SPD16 -me --include_path="C:/ti/ccsv8/ccs_base/arm/include" --include_path="C:/ti/ccsv8/ccs_base/arm/include/CMSIS" --include_path="F:/MPS432/RSLK_base/Lab08_Track_Maze" --include_path="F:/MPS432/RSLK_base/inc" --include_path="C:/ti/ccsv8/tools/compiler/ti-cgt-arm_18.1.1.LTS/include" --advice:power=all --define=__MSP432P401R__ --define=ccs -g --gcc --diag_warning=225 --diag_wrap=off --display_error_number --abi=eabi --preproc_with_compile --preproc_dependency="startup_msp432p401r_ccs.d_raw"  "../startup_msp432p401r_ccs.c"
Finished building: "../startup_msp432p401r_ccs.c"
 
Building file: "F:/MPS432/RSLK_base/inc/Clock.c"
Invoking: ARM Compiler
"C:/ti/ccsv8/tools/compiler/ti-cgt-arm_18.1.1.LTS/bin/armcl" -mv7M4 --code_state=16 --float_support=FPv4SPD16 -me --include_path="C:/ti/ccsv8/ccs_base/arm/include" --include_path="C:/ti/ccsv8/ccs_base/arm/include/CMSIS" --include_path="F:/MPS432/RSLK_base/Lab08_Track_Maze" --include_path="F:/MPS432/RSLK_base/inc" --include_path="C:/ti/ccsv8/tools/compiler/ti-cgt-arm_18.1.1.LTS/include" --advice:power=all --define=__MSP432P401R__ --define=ccs -g --gcc --diag_warning=225 --diag_wrap=off --display_error_number --abi=eabi --preproc_with_compile --preproc_dependency="Clock.d_raw"  "F:/MPS432/RSLK_base/inc/Clock.c"
Finished building: "F:/MPS432/RSLK_base/inc/Clock.c"
 
Building file: "F:/MPS432/RSLK_base/inc/Motor.c"
Invoking: ARM Compiler
"C:/ti/ccsv8/tools/compiler/ti-cgt-arm_18.1.1.LTS/bin/armcl" -mv7M4 --code_state=16 --float_support=FPv4SPD16 -me --include_path="C:/ti/ccsv8/ccs_base/arm/include" --include_path="C:/ti/ccsv8/ccs_base/arm/include/CMSIS" --include_path="F:/MPS432/RSLK_base/Lab08_Track_Maze" --include_path="F:/MPS432/RSLK_base/inc" --include_path="C:/ti/ccsv8/tools/compiler/ti-cgt-arm_18.1.1.LTS/include" --advice:power=all --define=__MSP432P401R__ --define=ccs -g --gcc --diag_warning=225 --diag_wrap=off --display_error_number --abi=eabi --preproc_with_compile --preproc_dependency="Motor.d_raw"  "F:/MPS432/RSLK_base/inc/Motor.c"
Finished building: "F:/MPS432/RSLK_base/inc/Motor.c"
 
Building file: "F:/MPS432/RSLK_base/inc/PWM.c"
Invoking: ARM Compiler
"C:/ti/ccsv8/tools/compiler/ti-cgt-arm_18.1.1.LTS/bin/armcl" -mv7M4 --code_state=16 --float_support=FPv4SPD16 -me --include_path="C:/ti/ccsv8/ccs_base/arm/include" --include_path="C:/ti/ccsv8/ccs_base/arm/include/CMSIS" --include_path="F:/MPS432/RSLK_base/Lab08_Track_Maze" --include_path="F:/MPS432/RSLK_base/inc" --include_path="C:/ti/ccsv8/tools/compiler/ti-cgt-arm_18.1.1.LTS/include" --advice:power=all --define=__MSP432P401R__ --define=ccs -g --gcc --diag_warning=225 --diag_wrap=off --display_error_number --abi=eabi --preproc_with_compile --preproc_dependency="PWM.d_raw"  "F:/MPS432/RSLK_base/inc/PWM.c"
Finished building: "F:/MPS432/RSLK_base/inc/PWM.c"
 
Building file: "F:/MPS432/RSLK_base/inc/Reflectance.c"
Invoking: ARM Compiler
"C:/ti/ccsv8/tools/compiler/ti-cgt-arm_18.1.1.LTS/bin/armcl" -mv7M4 --code_state=16 --float_support=FPv4SPD16 -me --include_path="C:/ti/ccsv8/ccs_base/arm/include" --include_path="C:/ti/ccsv8/ccs_base/arm/include/CMSIS" --include_path="F:/MPS432/RSLK_base/Lab08_Track_Maze" --include_path="F:/MPS432/RSLK_base/inc" --include_path="C:/ti/ccsv8/tools/compiler/ti-cgt-arm_18.1.1.LTS/include" --advice:power=all --define=__MSP432P401R__ --define=ccs -g --gcc --diag_warning=225 --diag_wrap=off --display_error_number --abi=eabi --preproc_with_compile --preproc_dependency="Reflectance.d_raw"  "F:/MPS432/RSLK_base/inc/Reflectance.c"
"F:/MPS432/RSLK_base/inc/Reflectance.c", line 144: remark #2623-D: (ULP 5.4) Detected an assignment to a type with size less than int. To avoid unnecessary sign extension, use int-sized types for local varaibles and convert to smaller types for static storage.
Finished building: "F:/MPS432/RSLK_base/inc/Reflectance.c"
 
Building file: "../main.c"
Invoking: ARM Compiler
"C:/ti/ccsv8/tools/compiler/ti-cgt-arm_18.1.1.LTS/bin/armcl" -mv7M4 --code_state=16 --float_support=FPv4SPD16 -me --include_path="C:/ti/ccsv8/ccs_base/arm/include" --include_path="C:/ti/ccsv8/ccs_base/arm/include/CMSIS" --include_path="F:/MPS432/RSLK_base/Lab08_Track_Maze" --include_path="F:/MPS432/RSLK_base/inc" --include_path="C:/ti/ccsv8/tools/compiler/ti-cgt-arm_18.1.1.LTS/include" --advice:power=all --define=__MSP432P401R__ --define=ccs -g --gcc --diag_warning=225 --diag_wrap=off --display_error_number --abi=eabi --preproc_with_compile --preproc_dependency="main.d_raw"  "../main.c"
"../main.c", line 36: remark #1532-D: (ULP 5.3) Detected printf() operation(s). Recommend moving them to RAM during run time or not using as these are processing/power intensive
"../main.c", line 79: remark #1532-D: (ULP 5.3) Detected printf() operation(s). Recommend moving them to RAM during run time or not using as these are processing/power intensive
Finished building: "../main.c"
 
Building file: "F:/MPS432/RSLK_base/inc/UART0.c"
Invoking: ARM Compiler
"C:/ti/ccsv8/tools/compiler/ti-cgt-arm_18.1.1.LTS/bin/armcl" -mv7M4 --code_state=16 --float_support=FPv4SPD16 -me --include_path="C:/ti/ccsv8/ccs_base/arm/include" --include_path="C:/ti/ccsv8/ccs_base/arm/include/CMSIS" --include_path="F:/MPS432/RSLK_base/Lab08_Track_Maze" --include_path="F:/MPS432/RSLK_base/inc" --include_path="C:/ti/ccsv8/tools/compiler/ti-cgt-arm_18.1.1.LTS/include" --advice:power=all --define=__MSP432P401R__ --define=ccs -g --gcc --diag_warning=225 --diag_wrap=off --display_error_number --abi=eabi --preproc_with_compile --preproc_dependency="UART0.d_raw"  "F:/MPS432/RSLK_base/inc/UART0.c"
"F:/MPS432/RSLK_base/inc/UART0.c", line 95: remark #1527-D: (ULP 2.1) Detected SW delay loop using empty loop. Recommend using a timer module instead
"F:/MPS432/RSLK_base/inc/UART0.c", line 104: remark #1527-D: (ULP 2.1) Detected SW delay loop using empty loop. Recommend using a timer module instead
Finished building: "F:/MPS432/RSLK_base/inc/UART0.c"
 
Building file: "F:/MPS432/RSLK_base/inc/JN_LCD.c"
Invoking: ARM Compiler
"C:/ti/ccsv8/tools/compiler/ti-cgt-arm_18.1.1.LTS/bin/armcl" -mv7M4 --code_state=16 --float_support=FPv4SPD16 -me --include_path="C:/ti/ccsv8/ccs_base/arm/include" --include_path="C:/ti/ccsv8/ccs_base/arm/include/CMSIS" --include_path="F:/MPS432/RSLK_base/Lab08_Track_Maze" --include_path="F:/MPS432/RSLK_base/inc" --include_path="C:/ti/ccsv8/tools/compiler/ti-cgt-arm_18.1.1.LTS/include" --advice:power=all --define=__MSP432P401R__ --define=ccs -g --gcc --diag_warning=225 --diag_wrap=off --display_error_number --abi=eabi --preproc_with_compile --preproc_dependency="JN_LCD.d_raw"  "F:/MPS432/RSLK_base/inc/JN_LCD.c"
"F:/MPS432/RSLK_base/inc/JN_LCD.c", line 243: remark #1527-D: (ULP 2.1) Detected SW delay loop using empty loop. Recommend using a timer module instead
"F:/MPS432/RSLK_base/inc/JN_LCD.c", line 246: remark #1527-D: (ULP 2.1) Detected SW delay loop using empty loop. Recommend using a timer module instead
"F:/MPS432/RSLK_base/inc/JN_LCD.c", line 261: remark #1527-D: (ULP 2.1) Detected SW delay loop using empty loop. Recommend using a timer module instead
"F:/MPS432/RSLK_base/inc/JN_LCD.c", line 341: remark #1527-D: (ULP 2.1) Detected SW delay loop using empty loop. Recommend using a timer module instead
"F:/MPS432/RSLK_base/inc/JN_LCD.c", line 426: remark #2623-D: (ULP 5.4) Detected an assignment to a type with size less than int. To avoid unnecessary sign extension, use int-sized types for local varaibles and convert to smaller types for static storage.
"F:/MPS432/RSLK_base/inc/JN_LCD.c", line 433: remark #2623-D: (ULP 5.4) Detected an assignment to a type with size less than int. To avoid unnecessary sign extension, use int-sized types for local varaibles and convert to smaller types for static storage.
"F:/MPS432/RSLK_base/inc/JN_LCD.c", line 435: remark #2623-D: (ULP 5.4) Detected an assignment to a type with size less than int. To avoid unnecessary sign extension, use int-sized types for local varaibles and convert to smaller types for static storage.
"F:/MPS432/RSLK_base/inc/JN_LCD.c", line 441: remark #2623-D: (ULP 5.4) Detected an assignment to a type with size less than int. To avoid unnecessary sign extension, use int-sized types for local varaibles and convert to smaller types for static storage.
"F:/MPS432/RSLK_base/inc/JN_LCD.c", line 443: remark #2623-D: (ULP 5.4) Detected an assignment to a type with size less than int. To avoid unnecessary sign extension, use int-sized types for local varaibles and convert to smaller types for static storage.
"F:/MPS432/RSLK_base/inc/JN_LCD.c", line 445: remark #2623-D: (ULP 5.4) Detected an assignment to a type with size less than int. To avoid unnecessary sign extension, use int-sized types for local varaibles and convert to smaller types for static storage.
"F:/MPS432/RSLK_base/inc/JN_LCD.c", line 460: remark #2623-D: (ULP 5.4) Detected an assignment to a type with size less than int. To avoid unnecessary sign extension, use int-sized types for local varaibles and convert to smaller types for static storage.
"F:/MPS432/RSLK_base/inc/JN_LCD.c", line 475: remark #2623-D: (ULP 5.4) Detected an assignment to a type with size less than int. To avoid unnecessary sign extension, use int-sized types for local varaibles and convert to smaller types for static storage.
"F:/MPS432/RSLK_base/inc/JN_LCD.c", line 483: remark #2623-D: (ULP 5.4) Detected an assignment to a type with size less than int. To avoid unnecessary sign extension, use int-sized types for local varaibles and convert to smaller types for static storage.
"F:/MPS432/RSLK_base/inc/JN_LCD.c", line 485: remark #2623-D: (ULP 5.4) Detected an assignment to a type with size less than int. To avoid unnecessary sign extension, use int-sized types for local varaibles and convert to smaller types for static storage.
"F:/MPS432/RSLK_base/inc/JN_LCD.c", line 492: remark #2623-D: (ULP 5.4) Detected an assignment to a type with size less than int. To avoid unnecessary sign extension, use int-sized types for local varaibles and convert to smaller types for static storage.
"F:/MPS432/RSLK_base/inc/JN_LCD.c", line 494: remark #2623-D: (ULP 5.4) Detected an assignment to a type with size less than int. To avoid unnecessary sign extension, use int-sized types for local varaibles and convert to smaller types for static storage.
"F:/MPS432/RSLK_base/inc/JN_LCD.c", line 496: remark #2623-D: (ULP 5.4) Detected an assignment to a type with size less than int. To avoid unnecessary sign extension, use int-sized types for local varaibles and convert to smaller types for static storage.
"F:/MPS432/RSLK_base/inc/JN_LCD.c", line 512: remark #2623-D: (ULP 5.4) Detected an assignment to a type with size less than int. To avoid unnecessary sign extension, use int-sized types for local varaibles and convert to smaller types for static storage.
"F:/MPS432/RSLK_base/inc/JN_LCD.c", line 517: remark #2623-D: (ULP 5.4) Detected an assignment to a type with size less than int. To avoid unnecessary sign extension, use int-sized types for local varaibles and convert to smaller types for static storage.
"F:/MPS432/RSLK_base/inc/JN_LCD.c", line 537: remark #2623-D: (ULP 5.4) Detected an assignment to a type with size less than int. To avoid unnecessary sign extension, use int-sized types for local varaibles and convert to smaller types for static storage.
"F:/MPS432/RSLK_base/inc/JN_LCD.c", line 532: remark #2623-D: (ULP 5.4) Detected an assignment to a type with size less than int. To avoid unnecessary sign extension, use int-sized types for local varaibles and convert to smaller types for static storage.
"F:/MPS432/RSLK_base/inc/JN_LCD.c", line 581: remark #2623-D: (ULP 5.4) Detected an assignment to a type with size less than int. To avoid unnecessary sign extension, use int-sized types for local varaibles and convert to smaller types for static storage.
"F:/MPS432/RSLK_base/inc/JN_LCD.c", line 582: remark #2623-D: (ULP 5.4) Detected an assignment to a type with size less than int. To avoid unnecessary sign extension, use int-sized types for local varaibles and convert to smaller types for static storage.
"F:/MPS432/RSLK_base/inc/JN_LCD.c", line 583: remark #2623-D: (ULP 5.4) Detected an assignment to a type with size less than int. To avoid unnecessary sign extension, use int-sized types for local varaibles and convert to smaller types for static storage.
"F:/MPS432/RSLK_base/inc/JN_LCD.c", line 584: remark #2623-D: (ULP 5.4) Detected an assignment to a type with size less than int. To avoid unnecessary sign extension, use int-sized types for local varaibles and convert to smaller types for static storage.
"F:/MPS432/RSLK_base/inc/JN_LCD.c", line 593: remark #2623-D: (ULP 5.4) Detected an assignment to a type with size less than int. To avoid unnecessary sign extension, use int-sized types for local varaibles and convert to smaller types for static storage.
"F:/MPS432/RSLK_base/inc/JN_LCD.c", line 600: remark #2623-D: (ULP 5.4) Detected an assignment to a type with size less than int. To avoid unnecessary sign extension, use int-sized types for local varaibles and convert to smaller types for static storage.
"F:/MPS432/RSLK_base/inc/JN_LCD.c", line 604: remark #2623-D: (ULP 5.4) Detected an assignment to a type with size less than int. To avoid unnecessary sign extension, use int-sized types for local varaibles and convert to smaller types for static storage.
"F:/MPS432/RSLK_base/inc/JN_LCD.c", line 607: remark #2623-D: (ULP 5.4) Detected an assignment to a type with size less than int. To avoid unnecessary sign extension, use int-sized types for local varaibles and convert to smaller types for static storage.
"F:/MPS432/RSLK_base/inc/JN_LCD.c", line 609: remark #2623-D: (ULP 5.4) Detected an assignment to a type with size less than int. To avoid unnecessary sign extension, use int-sized types for local varaibles and convert to smaller types for static storage.
"F:/MPS432/RSLK_base/inc/JN_LCD.c", line 627: remark #1543-D: (ULP 12.2) Detected for loop with repetitive data transfer. Recommend using DMA
"F:/MPS432/RSLK_base/inc/JN_LCD.c", line 674: remark #2623-D: (ULP 5.4) Detected an assignment to a type with size less than int. To avoid unnecessary sign extension, use int-sized types for local varaibles and convert to smaller types for static storage.
"F:/MPS432/RSLK_base/inc/JN_LCD.c", line 677: remark #1527-D: (ULP 2.1) Detected SW delay loop using empty loop. Recommend using a timer module instead
"F:/MPS432/RSLK_base/inc/JN_LCD.c", line 682: remark #1527-D: (ULP 2.1) Detected SW delay loop using empty loop. Recommend using a timer module instead
"F:/MPS432/RSLK_base/inc/JN_LCD.c", line 687: remark #2623-D: (ULP 5.4) Detected an assignment to a type with size less than int. To avoid unnecessary sign extension, use int-sized types for local varaibles and convert to smaller types for static storage.
"F:/MPS432/RSLK_base/inc/JN_LCD.c", line 690: remark #1527-D: (ULP 2.1) Detected SW delay loop using empty loop. Recommend using a timer module instead
"F:/MPS432/RSLK_base/inc/JN_LCD.c", line 695: remark #1527-D: (ULP 2.1) Detected SW delay loop using empty loop. Recommend using a timer module instead
"F:/MPS432/RSLK_base/inc/JN_LCD.c", line 713: remark #2623-D: (ULP 5.4) Detected an assignment to a type with size less than int. To avoid unnecessary sign extension, use int-sized types for local varaibles and convert to smaller types for static storage.
"F:/MPS432/RSLK_base/inc/JN_LCD.c", line 708: remark #2623-D: (ULP 5.4) Detected an assignment to a type with size less than int. To avoid unnecessary sign extension, use int-sized types for local varaibles and convert to smaller types for static storage.
"F:/MPS432/RSLK_base/inc/JN_LCD.c", line 724: remark #2623-D: (ULP 5.4) Detected an assignment to a type with size less than int. To avoid unnecessary sign extension, use int-sized types for local varaibles and convert to smaller types for static storage.
Finished building: "F:/MPS432/RSLK_base/inc/JN_LCD.c"
 
Building file: "../system_msp432p401r.c"
Invoking: ARM Compiler
"C:/ti/ccsv8/tools/compiler/ti-cgt-arm_18.1.1.LTS/bin/armcl" -mv7M4 --code_state=16 --float_support=FPv4SPD16 -me --include_path="C:/ti/ccsv8/ccs_base/arm/include" --include_path="C:/ti/ccsv8/ccs_base/arm/include/CMSIS" --include_path="F:/MPS432/RSLK_base/Lab08_Track_Maze" --include_path="F:/MPS432/RSLK_base/inc" --include_path="C:/ti/ccsv8/tools/compiler/ti-cgt-arm_18.1.1.LTS/include" --advice:power=all --define=__MSP432P401R__ --define=ccs -g --gcc --diag_warning=225 --diag_wrap=off --display_error_number --abi=eabi --preproc_with_compile --preproc_dependency="system_msp432p401r.d_raw"  "../system_msp432p401r.c"
"../system_msp432p401r.c", line 156: remark #2623-D: (ULP 5.4) Detected an assignment to a type with size less than int. To avoid unnecessary sign extension, use int-sized types for local varaibles and convert to smaller types for static storage.
"../system_msp432p401r.c", line 189: remark #2623-D: (ULP 5.4) Detected an assignment to a type with size less than int. To avoid unnecessary sign extension, use int-sized types for local varaibles and convert to smaller types for static storage.
Finished building: "../system_msp432p401r.c"
 
Building target: "Lab08_Track_Maze.out"
Invoking: ARM Linker
"C:/ti/ccsv8/tools/compiler/ti-cgt-arm_18.1.1.LTS/bin/armcl" -mv7M4 --code_state=16 --float_support=FPv4SPD16 -me --advice:power=all --define=__MSP432P401R__ --define=ccs -g --gcc --diag_warning=225 --diag_wrap=off --display_error_number --abi=eabi -z -m"Lab08_Track_Maze.map" --heap_size=1024 --stack_size=512 -i"C:/ti/ccsv8/ccs_base/arm/include" -i"C:/ti/ccsv8/tools/compiler/ti-cgt-arm_18.1.1.LTS/lib" -i"C:/ti/ccsv8/tools/compiler/ti-cgt-arm_18.1.1.LTS/include" --reread_libs --diag_wrap=off --display_error_number --warn_sections --xml_link_info="Lab08_Track_Maze_linkInfo.xml" --rom_model -o "Lab08_Track_Maze.out" "./Clock.obj" "./JN_LCD.obj" "./Motor.obj" "./PWM.obj" "./Reflectance.obj" "./UART0.obj" "./main.obj" "./startup_msp432p401r_ccs.obj" "./system_msp432p401r.obj" "../msp432p401r.cmd"  -llibc.a 
<Linking>
remark #10371-D: (ULP 1.1) Detected no uses of low power mode state changing instructions
remark #10372-D: (ULP 4.1) Detected uninitialized Port 1 in this project. Recommend initializing all unused ports to eliminate wasted current consumption on unused pins.
remark #10372-D: (ULP 4.1) Detected uninitialized Port 2 in this project. Recommend initializing all unused ports to eliminate wasted current consumption on unused pins.
remark #10372-D: (ULP 4.1) Detected uninitialized Port 3 in this project. Recommend initializing all unused ports to eliminate wasted current consumption on unused pins.
remark #10372-D: (ULP 4.1) Detected uninitialized Port 4 in this project. Recommend initializing all unused ports to eliminate wasted current consumption on unused pins.
remark #10372-D: (ULP 4.1) Detected uninitialized Port 5 in this project. Recommend initializing all unused ports to eliminate wasted current consumption on unused pins.
remark #10372-D: (ULP 4.1) Detected uninitialized Port 6 in this project. Recommend initializing all unused ports to eliminate wasted current consumption on unused pins.
remark #10372-D: (ULP 4.1) Detected uninitialized Port 7 in this project. Recommend initializing all unused ports to eliminate wasted current consumption on unused pins.
remark #10372-D: (ULP 4.1) Detected uninitialized Port 8 in this project. Recommend initializing all unused ports to eliminate wasted current consumption on unused pins.
remark #10372-D: (ULP 4.1) Detected uninitialized Port 9 in this project. Recommend initializing all unused ports to eliminate wasted current consumption on unused pins.
remark #10372-D: (ULP 4.1) Detected uninitialized Port 10 in this project. Recommend initializing all unused ports to eliminate wasted current consumption on unused pins.
Finished building target: "Lab08_Track_Maze.out"
 

**** Build Finished ****

**** Build of configuration Debug for project Lab08_Track_Maze ****

"C:\\ti\\ccsv8\\utils\\bin\\gmake" -k -j 8 all -O 
 
gmake[1]: 'Lab08_Track_Maze.out' is up to date.

**** Build Finished ****

**** Build of configuration Debug for project Lab08_Track_Maze ****

"C:\\ti\\ccsv8\\utils\\bin\\gmake" -k -j 8 all -O 
 
gmake[1]: 'Lab08_Track_Maze.out' is up to date.

**** Build Finished ****

**** Build of configuration Debug for project TExaS ****

"C:\\ti\\ccsv8\\utils\\bin\\gmake" -k -j 8 all -O 
 
gmake[1]: 'TExaS.out' is up to date.

**** Build Finished ****

**** Clean-only build of configuration Debug for project Three_led ****

"C:\\ti\\ccsv8\\utils\\bin\\gmake" -k -j 8 clean -O 
 
DEL /F  "Three_led.hex"  "Three_led.out" 
DEL /F "Clock.obj" "main.obj" "startup_msp432p401r_ccs.obj" "system_msp432p401r.obj" 
DEL /F "Clock.d" "main.d" "startup_msp432p401r_ccs.d" "system_msp432p401r.d" 
Finished clean
 

**** Build Finished ****

**** Build of configuration Debug for project Three_led ****

"C:\\ti\\ccsv8\\utils\\bin\\gmake" -k -j 8 all -O 
 
Building file: "F:/MPS432/RSLK_base/inc/Clock.c"
Invoking: ARM Compiler
"C:/ti/ccsv8/tools/compiler/ti-cgt-arm_18.1.1.LTS/bin/armcl" -mv7M4 --code_state=16 --float_support=FPv4SPD16 -me --include_path="C:/ti/ccsv8/ccs_base/arm/include" --include_path="C:/ti/ccsv8/ccs_base/arm/include/CMSIS" --include_path="F:/MPS432/RSLK_base/Three_led" --include_path="F:/MPS432/RSLK_base/inc" --include_path="C:/ti/ccsv8/tools/compiler/ti-cgt-arm_18.1.1.LTS/include" --advice:power=all --define=__MSP432P401R__ --define=ccs -g --gcc --diag_warning=225 --diag_wrap=off --display_error_number --abi=eabi --preproc_with_compile --preproc_dependency="Clock.d_raw"  "F:/MPS432/RSLK_base/inc/Clock.c"
subdir_rules.mk:9: recipe for target 'Clock.obj' failed
>> ERROR: cannot run armasm - file could not be found
gmake: *** [Clock.obj] Error 1
Building file: "../main.c"
Invoking: ARM Compiler
"C:/ti/ccsv8/tools/compiler/ti-cgt-arm_18.1.1.LTS/bin/armcl" -mv7M4 --code_state=16 --float_support=FPv4SPD16 -me --include_path="C:/ti/ccsv8/ccs_base/arm/include" --include_path="C:/ti/ccsv8/ccs_base/arm/include/CMSIS" --include_path="F:/MPS432/RSLK_base/Three_led" --include_path="F:/MPS432/RSLK_base/inc" --include_path="C:/ti/ccsv8/tools/compiler/ti-cgt-arm_18.1.1.LTS/include" --advice:power=all --define=__MSP432P401R__ --define=ccs -g --gcc --diag_warning=225 --diag_wrap=off --display_error_number --abi=eabi --preproc_with_compile --preproc_dependency="main.d_raw"  "../main.c"
subdir_rules.mk:16: recipe for target 'main.obj' failed
>> ERROR: cannot run armasm - file could not be found
gmake: *** [main.obj] Error 1
Building file: "../startup_msp432p401r_ccs.c"
Invoking: ARM Compiler
"C:/ti/ccsv8/tools/compiler/ti-cgt-arm_18.1.1.LTS/bin/armcl" -mv7M4 --code_state=16 --float_support=FPv4SPD16 -me --include_path="C:/ti/ccsv8/ccs_base/arm/include" --include_path="C:/ti/ccsv8/ccs_base/arm/include/CMSIS" --include_path="F:/MPS432/RSLK_base/Three_led" --include_path="F:/MPS432/RSLK_base/inc" --include_path="C:/ti/ccsv8/tools/compiler/ti-cgt-arm_18.1.1.LTS/include" --advice:power=all --define=__MSP432P401R__ --define=ccs -g --gcc --diag_warning=225 --diag_wrap=off --display_error_number --abi=eabi --preproc_with_compile --preproc_dependency="startup_msp432p401r_ccs.d_raw"  "../startup_msp432p401r_ccs.c"
subdir_rules.mk:23: recipe for target 'startup_msp432p401r_ccs.obj' failed
>> ERROR: cannot run armasm - file could not be found
gmake: *** [startup_msp432p401r_ccs.obj] Error 1
Building file: "../system_msp432p401r.c"
Invoking: ARM Compiler
"C:/ti/ccsv8/tools/compiler/ti-cgt-arm_18.1.1.LTS/bin/armcl" -mv7M4 --code_state=16 --float_support=FPv4SPD16 -me --include_path="C:/ti/ccsv8/ccs_base/arm/include" --include_path="C:/ti/ccsv8/ccs_base/arm/include/CMSIS" --include_path="F:/MPS432/RSLK_base/Three_led" --include_path="F:/MPS432/RSLK_base/inc" --include_path="C:/ti/ccsv8/tools/compiler/ti-cgt-arm_18.1.1.LTS/include" --advice:power=all --define=__MSP432P401R__ --define=ccs -g --gcc --diag_warning=225 --diag_wrap=off --display_error_number --abi=eabi --preproc_with_compile --preproc_dependency="system_msp432p401r.d_raw"  "../system_msp432p401r.c"
subdir_rules.mk:30: recipe for target 'system_msp432p401r.obj' failed
"../system_msp432p401r.c", line 156: remark #2623-D: (ULP 5.4) Detected an assignment to a type with size less than int. To avoid unnecessary sign extension, use int-sized types for local varaibles and convert to smaller types for static storage.
"../system_msp432p401r.c", line 189: remark #2623-D: (ULP 5.4) Detected an assignment to a type with size less than int. To avoid unnecessary sign extension, use int-sized types for local varaibles and convert to smaller types for static storage.
>> ERROR: cannot run armasm - file could not be found
gmake: *** [system_msp432p401r.obj] Error 1
gmake: Target 'all' not remade because of errors.

**** Build Finished ****

**** Clean-only build of configuration Debug for project GPIO_input ****

"C:\\ti\\ccsv8\\utils\\bin\\gmake" -k -j 8 clean -O 
 
DEL /F  "GPIO_input.hex"  "GPIO_input.out" 
DEL /F "main.obj" "startup_msp432p401r_ccs.obj" "system_msp432p401r.obj" 
DEL /F "main.d" "startup_msp432p401r_ccs.d" "system_msp432p401r.d" 
Finished clean
 

**** Build Finished ****

**** Build of configuration Debug for project GPIO_input ****

"C:\\ti\\ccsv8\\utils\\bin\\gmake" -k -j 8 all -O 
 
Building file: "../startup_msp432p401r_ccs.c"
Invoking: ARM Compiler
"C:/ti/ccsv8/tools/compiler/ti-cgt-arm_18.1.1.LTS/bin/armcl" -mv7M4 --code_state=16 --float_support=FPv4SPD16 -me --include_path="C:/ti/ccsv8/ccs_base/arm/include" --include_path="C:/ti/ccsv8/ccs_base/arm/include/CMSIS" --include_path="F:/MPS432/RSLK_base/GPIO_input" --include_path="C:/ti/ccsv8/tools/compiler/ti-cgt-arm_18.1.1.LTS/include" --advice:power=all --define=__MSP432P401R__ --define=ccs -g --gcc --diag_warning=225 --diag_wrap=off --display_error_number --abi=eabi --preproc_with_compile --preproc_dependency="startup_msp432p401r_ccs.d_raw"  "../startup_msp432p401r_ccs.c"
subdir_rules.mk:16: recipe for target 'startup_msp432p401r_ccs.obj' failed
>> ERROR: cannot run armasm - file could not be found
gmake: *** [startup_msp432p401r_ccs.obj] Error 1
Building file: "../main.c"
Invoking: ARM Compiler
"C:/ti/ccsv8/tools/compiler/ti-cgt-arm_18.1.1.LTS/bin/armcl" -mv7M4 --code_state=16 --float_support=FPv4SPD16 -me --include_path="C:/ti/ccsv8/ccs_base/arm/include" --include_path="C:/ti/ccsv8/ccs_base/arm/include/CMSIS" --include_path="F:/MPS432/RSLK_base/GPIO_input" --include_path="C:/ti/ccsv8/tools/compiler/ti-cgt-arm_18.1.1.LTS/include" --advice:power=all --define=__MSP432P401R__ --define=ccs -g --gcc --diag_warning=225 --diag_wrap=off --display_error_number --abi=eabi --preproc_with_compile --preproc_dependency="main.d_raw"  "../main.c"
subdir_rules.mk:9: recipe for target 'main.obj' failed
>> ERROR: cannot run armasm - file could not be found
gmake: *** [main.obj] Error 1
Building file: "../system_msp432p401r.c"
Invoking: ARM Compiler
"C:/ti/ccsv8/tools/compiler/ti-cgt-arm_18.1.1.LTS/bin/armcl" -mv7M4 --code_state=16 --float_support=FPv4SPD16 -me --include_path="C:/ti/ccsv8/ccs_base/arm/include" --include_path="C:/ti/ccsv8/ccs_base/arm/include/CMSIS" --include_path="F:/MPS432/RSLK_base/GPIO_input" --include_path="C:/ti/ccsv8/tools/compiler/ti-cgt-arm_18.1.1.LTS/include" --advice:power=all --define=__MSP432P401R__ --define=ccs -g --gcc --diag_warning=225 --diag_wrap=off --display_error_number --abi=eabi --preproc_with_compile --preproc_dependency="system_msp432p401r.d_raw"  "../system_msp432p401r.c"
subdir_rules.mk:23: recipe for target 'system_msp432p401r.obj' failed
"../system_msp432p401r.c", line 156: remark #2623-D: (ULP 5.4) Detected an assignment to a type with size less than int. To avoid unnecessary sign extension, use int-sized types for local varaibles and convert to smaller types for static storage.
"../system_msp432p401r.c", line 189: remark #2623-D: (ULP 5.4) Detected an assignment to a type with size less than int. To avoid unnecessary sign extension, use int-sized types for local varaibles and convert to smaller types for static storage.
>> ERROR: cannot run armasm - file could not be found
gmake: *** [system_msp432p401r.obj] Error 1
gmake: Target 'all' not remade because of errors.

**** Build Finished ****

**** Clean-only build of configuration Debug for project IRremote ****

"C:\\ti\\ccsv8\\utils\\bin\\gmake" -k -j 8 clean -O 
 
DEL /F  "IRremote.hex"  "IRremote.out" 
DEL /F "Clock.obj" "CortexM.obj" "Motor.obj" "PWM.obj" "TA2InputCapture.obj" "UART0.obj" "main.obj" "startup_msp432p401r_ccs.obj" "system_msp432p401r.obj" 
DEL /F "Clock.d" "CortexM.d" "Motor.d" "PWM.d" "TA2InputCapture.d" "UART0.d" "main.d" "startup_msp432p401r_ccs.d" "system_msp432p401r.d" 
Finished clean
 

**** Build Finished ****

**** Build of configuration Debug for project IRremote ****

"C:\\ti\\ccsv8\\utils\\bin\\gmake" -k -j 8 all -O 
 
Building file: "../Clock.c"
Invoking: ARM Compiler
"C:/ti/ccsv8/tools/compiler/ti-cgt-arm_18.1.1.LTS/bin/armcl" -mv7M4 --code_state=16 --float_support=FPv4SPD16 -me --include_path="C:/ti/ccsv8/ccs_base/arm/include" --include_path="E:/ProgramInstall/TI/tirslk_maze_1_00_00/inc" --include_path="C:/ti/ccsv8/ccs_base/arm/include/CMSIS" --include_path="F:/MPS432/RSLK_base/IRremote" --include_path="C:/ti/ccsv8/tools/compiler/ti-cgt-arm_18.1.1.LTS/include" --advice:power=all --define=__MSP432P401R__ --define=ccs -g --gcc --diag_warning=225 --diag_wrap=off --display_error_number --abi=eabi --preproc_with_compile --preproc_dependency="Clock.d_raw"  "../Clock.c"
Finished building: "../Clock.c"
 
Building file: "../CortexM.c"
Invoking: ARM Compiler
"C:/ti/ccsv8/tools/compiler/ti-cgt-arm_18.1.1.LTS/bin/armcl" -mv7M4 --code_state=16 --float_support=FPv4SPD16 -me --include_path="C:/ti/ccsv8/ccs_base/arm/include" --include_path="E:/ProgramInstall/TI/tirslk_maze_1_00_00/inc" --include_path="C:/ti/ccsv8/ccs_base/arm/include/CMSIS" --include_path="F:/MPS432/RSLK_base/IRremote" --include_path="C:/ti/ccsv8/tools/compiler/ti-cgt-arm_18.1.1.LTS/include" --advice:power=all --define=__MSP432P401R__ --define=ccs -g --gcc --diag_warning=225 --diag_wrap=off --display_error_number --abi=eabi --preproc_with_compile --preproc_dependency="CortexM.d_raw"  "../CortexM.c"
Finished building: "../CortexM.c"
 
Building file: "../Motor.c"
Invoking: ARM Compiler
"C:/ti/ccsv8/tools/compiler/ti-cgt-arm_18.1.1.LTS/bin/armcl" -mv7M4 --code_state=16 --float_support=FPv4SPD16 -me --include_path="C:/ti/ccsv8/ccs_base/arm/include" --include_path="E:/ProgramInstall/TI/tirslk_maze_1_00_00/inc" --include_path="C:/ti/ccsv8/ccs_base/arm/include/CMSIS" --include_path="F:/MPS432/RSLK_base/IRremote" --include_path="C:/ti/ccsv8/tools/compiler/ti-cgt-arm_18.1.1.LTS/include" --advice:power=all --define=__MSP432P401R__ --define=ccs -g --gcc --diag_warning=225 --diag_wrap=off --display_error_number --abi=eabi --preproc_with_compile --preproc_dependency="Motor.d_raw"  "../Motor.c"
Finished building: "../Motor.c"
 
Building file: "../PWM.c"
Invoking: ARM Compiler
"C:/ti/ccsv8/tools/compiler/ti-cgt-arm_18.1.1.LTS/bin/armcl" -mv7M4 --code_state=16 --float_support=FPv4SPD16 -me --include_path="C:/ti/ccsv8/ccs_base/arm/include" --include_path="E:/ProgramInstall/TI/tirslk_maze_1_00_00/inc" --include_path="C:/ti/ccsv8/ccs_base/arm/include/CMSIS" --include_path="F:/MPS432/RSLK_base/IRremote" --include_path="C:/ti/ccsv8/tools/compiler/ti-cgt-arm_18.1.1.LTS/include" --advice:power=all --define=__MSP432P401R__ --define=ccs -g --gcc --diag_warning=225 --diag_wrap=off --display_error_number --abi=eabi --preproc_with_compile --preproc_dependency="PWM.d_raw"  "../PWM.c"
Finished building: "../PWM.c"
 
Building file: "../TA2InputCapture.c"
Invoking: ARM Compiler
"C:/ti/ccsv8/tools/compiler/ti-cgt-arm_18.1.1.LTS/bin/armcl" -mv7M4 --code_state=16 --float_support=FPv4SPD16 -me --include_path="C:/ti/ccsv8/ccs_base/arm/include" --include_path="E:/ProgramInstall/TI/tirslk_maze_1_00_00/inc" --include_path="C:/ti/ccsv8/ccs_base/arm/include/CMSIS" --include_path="F:/MPS432/RSLK_base/IRremote" --include_path="C:/ti/ccsv8/tools/compiler/ti-cgt-arm_18.1.1.LTS/include" --advice:power=all --define=__MSP432P401R__ --define=ccs -g --gcc --diag_warning=225 --diag_wrap=off --display_error_number --abi=eabi --preproc_with_compile --preproc_dependency="TA2InputCapture.d_raw"  "../TA2InputCapture.c"
Finished building: "../TA2InputCapture.c"
 
Building file: "../UART0.c"
Invoking: ARM Compiler
"C:/ti/ccsv8/tools/compiler/ti-cgt-arm_18.1.1.LTS/bin/armcl" -mv7M4 --code_state=16 --float_support=FPv4SPD16 -me --include_path="C:/ti/ccsv8/ccs_base/arm/include" --include_path="E:/ProgramInstall/TI/tirslk_maze_1_00_00/inc" --include_path="C:/ti/ccsv8/ccs_base/arm/include/CMSIS" --include_path="F:/MPS432/RSLK_base/IRremote" --include_path="C:/ti/ccsv8/tools/compiler/ti-cgt-arm_18.1.1.LTS/include" --advice:power=all --define=__MSP432P401R__ --define=ccs -g --gcc --diag_warning=225 --diag_wrap=off --display_error_number --abi=eabi --preproc_with_compile --preproc_dependency="UART0.d_raw"  "../UART0.c"
"../UART0.c", line 95: remark #1527-D: (ULP 2.1) Detected SW delay loop using empty loop. Recommend using a timer module instead
"../UART0.c", line 104: remark #1527-D: (ULP 2.1) Detected SW delay loop using empty loop. Recommend using a timer module instead
Finished building: "../UART0.c"
 
Building file: "../main.c"
Invoking: ARM Compiler
"C:/ti/ccsv8/tools/compiler/ti-cgt-arm_18.1.1.LTS/bin/armcl" -mv7M4 --code_state=16 --float_support=FPv4SPD16 -me --include_path="C:/ti/ccsv8/ccs_base/arm/include" --include_path="E:/ProgramInstall/TI/tirslk_maze_1_00_00/inc" --include_path="C:/ti/ccsv8/ccs_base/arm/include/CMSIS" --include_path="F:/MPS432/RSLK_base/IRremote" --include_path="C:/ti/ccsv8/tools/compiler/ti-cgt-arm_18.1.1.LTS/include" --advice:power=all --define=__MSP432P401R__ --define=ccs -g --gcc --diag_warning=225 --diag_wrap=off --display_error_number --abi=eabi --preproc_with_compile --preproc_dependency="main.d_raw"  "../main.c"
"../main.c", line 43: remark #1532-D: (ULP 5.3) Detected printf() operation(s). Recommend moving them to RAM during run time or not using as these are processing/power intensive
Finished building: "../main.c"
 
Building file: "../startup_msp432p401r_ccs.c"
Invoking: ARM Compiler
"C:/ti/ccsv8/tools/compiler/ti-cgt-arm_18.1.1.LTS/bin/armcl" -mv7M4 --code_state=16 --float_support=FPv4SPD16 -me --include_path="C:/ti/ccsv8/ccs_base/arm/include" --include_path="E:/ProgramInstall/TI/tirslk_maze_1_00_00/inc" --include_path="C:/ti/ccsv8/ccs_base/arm/include/CMSIS" --include_path="F:/MPS432/RSLK_base/IRremote" --include_path="C:/ti/ccsv8/tools/compiler/ti-cgt-arm_18.1.1.LTS/include" --advice:power=all --define=__MSP432P401R__ --define=ccs -g --gcc --diag_warning=225 --diag_wrap=off --display_error_number --abi=eabi --preproc_with_compile --preproc_dependency="startup_msp432p401r_ccs.d_raw"  "../startup_msp432p401r_ccs.c"
Finished building: "../startup_msp432p401r_ccs.c"
 
Building file: "../system_msp432p401r.c"
Invoking: ARM Compiler
"C:/ti/ccsv8/tools/compiler/ti-cgt-arm_18.1.1.LTS/bin/armcl" -mv7M4 --code_state=16 --float_support=FPv4SPD16 -me --include_path="C:/ti/ccsv8/ccs_base/arm/include" --include_path="E:/ProgramInstall/TI/tirslk_maze_1_00_00/inc" --include_path="C:/ti/ccsv8/ccs_base/arm/include/CMSIS" --include_path="F:/MPS432/RSLK_base/IRremote" --include_path="C:/ti/ccsv8/tools/compiler/ti-cgt-arm_18.1.1.LTS/include" --advice:power=all --define=__MSP432P401R__ --define=ccs -g --gcc --diag_warning=225 --diag_wrap=off --display_error_number --abi=eabi --preproc_with_compile --preproc_dependency="system_msp432p401r.d_raw"  "../system_msp432p401r.c"
"../system_msp432p401r.c", line 156: remark #2623-D: (ULP 5.4) Detected an assignment to a type with size less than int. To avoid unnecessary sign extension, use int-sized types for local varaibles and convert to smaller types for static storage.
"../system_msp432p401r.c", line 189: remark #2623-D: (ULP 5.4) Detected an assignment to a type with size less than int. To avoid unnecessary sign extension, use int-sized types for local varaibles and convert to smaller types for static storage.
Finished building: "../system_msp432p401r.c"
 
Building target: "IRremote.out"
Invoking: ARM Linker
"C:/ti/ccsv8/tools/compiler/ti-cgt-arm_18.1.1.LTS/bin/armcl" -mv7M4 --code_state=16 --float_support=FPv4SPD16 -me --advice:power=all --define=__MSP432P401R__ --define=ccs -g --gcc --diag_warning=225 --diag_wrap=off --display_error_number --abi=eabi -z -m"IRremote.map" --heap_size=1024 --stack_size=512 -i"C:/ti/ccsv8/ccs_base/arm/include" -i"C:/ti/ccsv8/tools/compiler/ti-cgt-arm_18.1.1.LTS/lib" -i"C:/ti/ccsv8/tools/compiler/ti-cgt-arm_18.1.1.LTS/include" --reread_libs --diag_wrap=off --display_error_number --warn_sections --xml_link_info="IRremote_linkInfo.xml" --rom_model -o "IRremote.out" "./Clock.obj" "./CortexM.obj" "./Motor.obj" "./PWM.obj" "./TA2InputCapture.obj" "./UART0.obj" "./main.obj" "./startup_msp432p401r_ccs.obj" "./system_msp432p401r.obj" "../msp432p401r.cmd"  -llibc.a 
<Linking>
remark #10371-D: (ULP 1.1) Detected no uses of low power mode state changing instructions
remark #10372-D: (ULP 4.1) Detected uninitialized Port 1 in this project. Recommend initializing all unused ports to eliminate wasted current consumption on unused pins.
remark #10372-D: (ULP 4.1) Detected uninitialized Port 2 in this project. Recommend initializing all unused ports to eliminate wasted current consumption on unused pins.
remark #10372-D: (ULP 4.1) Detected uninitialized Port 3 in this project. Recommend initializing all unused ports to eliminate wasted current consumption on unused pins.
remark #10372-D: (ULP 4.1) Detected uninitialized Port 4 in this project. Recommend initializing all unused ports to eliminate wasted current consumption on unused pins.
remark #10372-D: (ULP 4.1) Detected uninitialized Port 5 in this project. Recommend initializing all unused ports to eliminate wasted current consumption on unused pins.
remark #10372-D: (ULP 4.1) Detected uninitialized Port 6 in this project. Recommend initializing all unused ports to eliminate wasted current consumption on unused pins.
remark #10372-D: (ULP 4.1) Detected uninitialized Port 7 in this project. Recommend initializing all unused ports to eliminate wasted current consumption on unused pins.
remark #10372-D: (ULP 4.1) Detected uninitialized Port 8 in this project. Recommend initializing all unused ports to eliminate wasted current consumption on unused pins.
remark #10372-D: (ULP 4.1) Detected uninitialized Port 9 in this project. Recommend initializing all unused ports to eliminate wasted current consumption on unused pins.
remark #10372-D: (ULP 4.1) Detected uninitialized Port 10 in this project. Recommend initializing all unused ports to eliminate wasted current consumption on unused pins.
Finished building target: "IRremote.out"
 

**** Build Finished ****

**** Build of configuration Debug for project IRremote ****

"C:\\ti\\ccsv8\\utils\\bin\\gmake" -k -j 8 all -O 
 
gmake[1]: 'IRremote.out' is up to date.

**** Build Finished ****

**** Build of configuration Debug for project Three_led ****

"C:\\ti\\ccsv8\\utils\\bin\\gmake" -k -j 8 all -O 
 
Building file: "F:/MPS432/RSLK_base/inc/Clock.c"
Invoking: ARM Compiler
"C:/ti/ccsv8/tools/compiler/ti-cgt-arm_18.1.1.LTS/bin/armcl" -mv7M4 --code_state=16 --float_support=FPv4SPD16 -me --include_path="C:/ti/ccsv8/ccs_base/arm/include" --include_path="C:/ti/ccsv8/ccs_base/arm/include/CMSIS" --include_path="F:/MPS432/RSLK_base/Three_led" --include_path="F:/MPS432/RSLK_base/inc" --include_path="C:/ti/ccsv8/tools/compiler/ti-cgt-arm_18.1.1.LTS/include" --advice:power=all --define=__MSP432P401R__ --define=ccs -g --gcc --diag_warning=225 --diag_wrap=off --display_error_number --abi=eabi --preproc_with_compile --preproc_dependency="Clock.d_raw"  "F:/MPS432/RSLK_base/inc/Clock.c"
Finished building: "F:/MPS432/RSLK_base/inc/Clock.c"
 
Building file: "../main.c"
Invoking: ARM Compiler
"C:/ti/ccsv8/tools/compiler/ti-cgt-arm_18.1.1.LTS/bin/armcl" -mv7M4 --code_state=16 --float_support=FPv4SPD16 -me --include_path="C:/ti/ccsv8/ccs_base/arm/include" --include_path="C:/ti/ccsv8/ccs_base/arm/include/CMSIS" --include_path="F:/MPS432/RSLK_base/Three_led" --include_path="F:/MPS432/RSLK_base/inc" --include_path="C:/ti/ccsv8/tools/compiler/ti-cgt-arm_18.1.1.LTS/include" --advice:power=all --define=__MSP432P401R__ --define=ccs -g --gcc --diag_warning=225 --diag_wrap=off --display_error_number --abi=eabi --preproc_with_compile --preproc_dependency="main.d_raw"  "../main.c"
Finished building: "../main.c"
 
Building file: "../startup_msp432p401r_ccs.c"
Invoking: ARM Compiler
"C:/ti/ccsv8/tools/compiler/ti-cgt-arm_18.1.1.LTS/bin/armcl" -mv7M4 --code_state=16 --float_support=FPv4SPD16 -me --include_path="C:/ti/ccsv8/ccs_base/arm/include" --include_path="C:/ti/ccsv8/ccs_base/arm/include/CMSIS" --include_path="F:/MPS432/RSLK_base/Three_led" --include_path="F:/MPS432/RSLK_base/inc" --include_path="C:/ti/ccsv8/tools/compiler/ti-cgt-arm_18.1.1.LTS/include" --advice:power=all --define=__MSP432P401R__ --define=ccs -g --gcc --diag_warning=225 --diag_wrap=off --display_error_number --abi=eabi --preproc_with_compile --preproc_dependency="startup_msp432p401r_ccs.d_raw"  "../startup_msp432p401r_ccs.c"
Finished building: "../startup_msp432p401r_ccs.c"
 
Building file: "../system_msp432p401r.c"
Invoking: ARM Compiler
"C:/ti/ccsv8/tools/compiler/ti-cgt-arm_18.1.1.LTS/bin/armcl" -mv7M4 --code_state=16 --float_support=FPv4SPD16 -me --include_path="C:/ti/ccsv8/ccs_base/arm/include" --include_path="C:/ti/ccsv8/ccs_base/arm/include/CMSIS" --include_path="F:/MPS432/RSLK_base/Three_led" --include_path="F:/MPS432/RSLK_base/inc" --include_path="C:/ti/ccsv8/tools/compiler/ti-cgt-arm_18.1.1.LTS/include" --advice:power=all --define=__MSP432P401R__ --define=ccs -g --gcc --diag_warning=225 --diag_wrap=off --display_error_number --abi=eabi --preproc_with_compile --preproc_dependency="system_msp432p401r.d_raw"  "../system_msp432p401r.c"
"../system_msp432p401r.c", line 156: remark #2623-D: (ULP 5.4) Detected an assignment to a type with size less than int. To avoid unnecessary sign extension, use int-sized types for local varaibles and convert to smaller types for static storage.
"../system_msp432p401r.c", line 189: remark #2623-D: (ULP 5.4) Detected an assignment to a type with size less than int. To avoid unnecessary sign extension, use int-sized types for local varaibles and convert to smaller types for static storage.
Finished building: "../system_msp432p401r.c"
 
Building target: "Three_led.out"
Invoking: ARM Linker
"C:/ti/ccsv8/tools/compiler/ti-cgt-arm_18.1.1.LTS/bin/armcl" -mv7M4 --code_state=16 --float_support=FPv4SPD16 -me --advice:power=all --define=__MSP432P401R__ --define=ccs -g --gcc --diag_warning=225 --diag_wrap=off --display_error_number --abi=eabi -z -m"Three_led.map" --heap_size=1024 --stack_size=512 -i"C:/ti/ccsv8/ccs_base/arm/include" -i"C:/ti/ccsv8/tools/compiler/ti-cgt-arm_18.1.1.LTS/lib" -i"C:/ti/ccsv8/tools/compiler/ti-cgt-arm_18.1.1.LTS/include" --reread_libs --diag_wrap=off --display_error_number --warn_sections --xml_link_info="Three_led_linkInfo.xml" --rom_model -o "Three_led.out" "./Clock.obj" "./main.obj" "./startup_msp432p401r_ccs.obj" "./system_msp432p401r.obj" "../msp432p401r.cmd"  -llibc.a 
<Linking>
remark #10371-D: (ULP 1.1) Detected no uses of low power mode state changing instructions
remark #10372-D: (ULP 4.1) Detected uninitialized Port 1 in this project. Recommend initializing all unused ports to eliminate wasted current consumption on unused pins.
remark #10372-D: (ULP 4.1) Detected uninitialized Port 2 in this project. Recommend initializing all unused ports to eliminate wasted current consumption on unused pins.
remark #10372-D: (ULP 4.1) Detected uninitialized Port 3 in this project. Recommend initializing all unused ports to eliminate wasted current consumption on unused pins.
remark #10372-D: (ULP 4.1) Detected uninitialized Port 4 in this project. Recommend initializing all unused ports to eliminate wasted current consumption on unused pins.
remark #10372-D: (ULP 4.1) Detected uninitialized Port 5 in this project. Recommend initializing all unused ports to eliminate wasted current consumption on unused pins.
remark #10372-D: (ULP 4.1) Detected uninitialized Port 6 in this project. Recommend initializing all unused ports to eliminate wasted current consumption on unused pins.
remark #10372-D: (ULP 4.1) Detected uninitialized Port 7 in this project. Recommend initializing all unused ports to eliminate wasted current consumption on unused pins.
remark #10372-D: (ULP 4.1) Detected uninitialized Port 8 in this project. Recommend initializing all unused ports to eliminate wasted current consumption on unused pins.
remark #10372-D: (ULP 4.1) Detected uninitialized Port 9 in this project. Recommend initializing all unused ports to eliminate wasted current consumption on unused pins.
remark #10372-D: (ULP 4.1) Detected uninitialized Port 10 in this project. Recommend initializing all unused ports to eliminate wasted current consumption on unused pins.
Finished building target: "Three_led.out"
 

**** Build Finished ****

**** Build of configuration Debug for project Three_led ****

"C:\\ti\\ccsv8\\utils\\bin\\gmake" -k -j 8 all -O 
 
gmake[1]: 'Three_led.out' is up to date.

**** Build Finished ****

**** Clean-only build of configuration Debug for project PWM_Motors ****

"C:\\ti\\ccsv8\\utils\\bin\\gmake" -k -j 8 clean -O 
 
DEL /F  "PWM_Motors.hex"  "PWM_Motors.out" 
DEL /F "Clock.obj" "Motor.obj" "PWM.obj" "main.obj" "startup_msp432p401r_ccs.obj" "system_msp432p401r.obj" 
DEL /F "Clock.d" "Motor.d" "PWM.d" "main.d" "startup_msp432p401r_ccs.d" "system_msp432p401r.d" 
Finished clean
 

**** Build Finished ****

**** Build of configuration Debug for project PWM_Motors ****

"C:\\ti\\ccsv8\\utils\\bin\\gmake" -k -j 8 all -O 
 
Building file: "F:/MPS432/RSLK_base/inc/Clock.c"
Invoking: ARM Compiler
"C:/ti/ccsv8/tools/compiler/ti-cgt-arm_18.1.1.LTS/bin/armcl" -mv7M4 --code_state=16 --float_support=FPv4SPD16 -me --include_path="C:/ti/ccsv8/ccs_base/arm/include" --include_path="C:/ti/ccsv8/ccs_base/arm/include/CMSIS" --include_path="F:/MPS432/RSLK_base/PWM_Motors" --include_path="F:/MPS432/RSLK_base/inc" --include_path="C:/ti/ccsv8/tools/compiler/ti-cgt-arm_18.1.1.LTS/include" --advice:power=all --define=__MSP432P401R__ --define=ccs -g --gcc --diag_warning=225 --diag_wrap=off --display_error_number --abi=eabi --preproc_with_compile --preproc_dependency="Clock.d_raw"  "F:/MPS432/RSLK_base/inc/Clock.c"
Finished building: "F:/MPS432/RSLK_base/inc/Clock.c"
 
Building file: "F:/MPS432/RSLK_base/inc/Motor.c"
Invoking: ARM Compiler
"C:/ti/ccsv8/tools/compiler/ti-cgt-arm_18.1.1.LTS/bin/armcl" -mv7M4 --code_state=16 --float_support=FPv4SPD16 -me --include_path="C:/ti/ccsv8/ccs_base/arm/include" --include_path="C:/ti/ccsv8/ccs_base/arm/include/CMSIS" --include_path="F:/MPS432/RSLK_base/PWM_Motors" --include_path="F:/MPS432/RSLK_base/inc" --include_path="C:/ti/ccsv8/tools/compiler/ti-cgt-arm_18.1.1.LTS/include" --advice:power=all --define=__MSP432P401R__ --define=ccs -g --gcc --diag_warning=225 --diag_wrap=off --display_error_number --abi=eabi --preproc_with_compile --preproc_dependency="Motor.d_raw"  "F:/MPS432/RSLK_base/inc/Motor.c"
Finished building: "F:/MPS432/RSLK_base/inc/Motor.c"
 
Building file: "F:/MPS432/RSLK_base/inc/PWM.c"
Invoking: ARM Compiler
"C:/ti/ccsv8/tools/compiler/ti-cgt-arm_18.1.1.LTS/bin/armcl" -mv7M4 --code_state=16 --float_support=FPv4SPD16 -me --include_path="C:/ti/ccsv8/ccs_base/arm/include" --include_path="C:/ti/ccsv8/ccs_base/arm/include/CMSIS" --include_path="F:/MPS432/RSLK_base/PWM_Motors" --include_path="F:/MPS432/RSLK_base/inc" --include_path="C:/ti/ccsv8/tools/compiler/ti-cgt-arm_18.1.1.LTS/include" --advice:power=all --define=__MSP432P401R__ --define=ccs -g --gcc --diag_warning=225 --diag_wrap=off --display_error_number --abi=eabi --preproc_with_compile --preproc_dependency="PWM.d_raw"  "F:/MPS432/RSLK_base/inc/PWM.c"
Finished building: "F:/MPS432/RSLK_base/inc/PWM.c"
 
Building file: "../startup_msp432p401r_ccs.c"
Invoking: ARM Compiler
"C:/ti/ccsv8/tools/compiler/ti-cgt-arm_18.1.1.LTS/bin/armcl" -mv7M4 --code_state=16 --float_support=FPv4SPD16 -me --include_path="C:/ti/ccsv8/ccs_base/arm/include" --include_path="C:/ti/ccsv8/ccs_base/arm/include/CMSIS" --include_path="F:/MPS432/RSLK_base/PWM_Motors" --include_path="F:/MPS432/RSLK_base/inc" --include_path="C:/ti/ccsv8/tools/compiler/ti-cgt-arm_18.1.1.LTS/include" --advice:power=all --define=__MSP432P401R__ --define=ccs -g --gcc --diag_warning=225 --diag_wrap=off --display_error_number --abi=eabi --preproc_with_compile --preproc_dependency="startup_msp432p401r_ccs.d_raw"  "../startup_msp432p401r_ccs.c"
Finished building: "../startup_msp432p401r_ccs.c"
 
Building file: "../main.c"
Invoking: ARM Compiler
"C:/ti/ccsv8/tools/compiler/ti-cgt-arm_18.1.1.LTS/bin/armcl" -mv7M4 --code_state=16 --float_support=FPv4SPD16 -me --include_path="C:/ti/ccsv8/ccs_base/arm/include" --include_path="C:/ti/ccsv8/ccs_base/arm/include/CMSIS" --include_path="F:/MPS432/RSLK_base/PWM_Motors" --include_path="F:/MPS432/RSLK_base/inc" --include_path="C:/ti/ccsv8/tools/compiler/ti-cgt-arm_18.1.1.LTS/include" --advice:power=all --define=__MSP432P401R__ --define=ccs -g --gcc --diag_warning=225 --diag_wrap=off --display_error_number --abi=eabi --preproc_with_compile --preproc_dependency="main.d_raw"  "../main.c"
Finished building: "../main.c"
 
Building file: "../system_msp432p401r.c"
Invoking: ARM Compiler
"C:/ti/ccsv8/tools/compiler/ti-cgt-arm_18.1.1.LTS/bin/armcl" -mv7M4 --code_state=16 --float_support=FPv4SPD16 -me --include_path="C:/ti/ccsv8/ccs_base/arm/include" --include_path="C:/ti/ccsv8/ccs_base/arm/include/CMSIS" --include_path="F:/MPS432/RSLK_base/PWM_Motors" --include_path="F:/MPS432/RSLK_base/inc" --include_path="C:/ti/ccsv8/tools/compiler/ti-cgt-arm_18.1.1.LTS/include" --advice:power=all --define=__MSP432P401R__ --define=ccs -g --gcc --diag_warning=225 --diag_wrap=off --display_error_number --abi=eabi --preproc_with_compile --preproc_dependency="system_msp432p401r.d_raw"  "../system_msp432p401r.c"
"../system_msp432p401r.c", line 156: remark #2623-D: (ULP 5.4) Detected an assignment to a type with size less than int. To avoid unnecessary sign extension, use int-sized types for local varaibles and convert to smaller types for static storage.
"../system_msp432p401r.c", line 189: remark #2623-D: (ULP 5.4) Detected an assignment to a type with size less than int. To avoid unnecessary sign extension, use int-sized types for local varaibles and convert to smaller types for static storage.
Finished building: "../system_msp432p401r.c"
 
Building target: "PWM_Motors.out"
Invoking: ARM Linker
"C:/ti/ccsv8/tools/compiler/ti-cgt-arm_18.1.1.LTS/bin/armcl" -mv7M4 --code_state=16 --float_support=FPv4SPD16 -me --advice:power=all --define=__MSP432P401R__ --define=ccs -g --gcc --diag_warning=225 --diag_wrap=off --display_error_number --abi=eabi -z -m"PWM_Motors.map" --heap_size=1024 --stack_size=512 -i"C:/ti/ccsv8/ccs_base/arm/include" -i"C:/ti/ccsv8/tools/compiler/ti-cgt-arm_18.1.1.LTS/lib" -i"C:/ti/ccsv8/tools/compiler/ti-cgt-arm_18.1.1.LTS/include" --reread_libs --diag_wrap=off --display_error_number --warn_sections --xml_link_info="PWM_Motors_linkInfo.xml" --rom_model -o "PWM_Motors.out" "./Clock.obj" "./Motor.obj" "./PWM.obj" "./main.obj" "./startup_msp432p401r_ccs.obj" "./system_msp432p401r.obj" "../msp432p401r.cmd"  -llibc.a 
<Linking>
remark #10371-D: (ULP 1.1) Detected no uses of low power mode state changing instructions
remark #10372-D: (ULP 4.1) Detected uninitialized Port 1 in this project. Recommend initializing all unused ports to eliminate wasted current consumption on unused pins.
remark #10372-D: (ULP 4.1) Detected uninitialized Port 2 in this project. Recommend initializing all unused ports to eliminate wasted current consumption on unused pins.
remark #10372-D: (ULP 4.1) Detected uninitialized Port 3 in this project. Recommend initializing all unused ports to eliminate wasted current consumption on unused pins.
remark #10372-D: (ULP 4.1) Detected uninitialized Port 4 in this project. Recommend initializing all unused ports to eliminate wasted current consumption on unused pins.
remark #10372-D: (ULP 4.1) Detected uninitialized Port 5 in this project. Recommend initializing all unused ports to eliminate wasted current consumption on unused pins.
remark #10372-D: (ULP 4.1) Detected uninitialized Port 6 in this project. Recommend initializing all unused ports to eliminate wasted current consumption on unused pins.
remark #10372-D: (ULP 4.1) Detected uninitialized Port 7 in this project. Recommend initializing all unused ports to eliminate wasted current consumption on unused pins.
remark #10372-D: (ULP 4.1) Detected uninitialized Port 8 in this project. Recommend initializing all unused ports to eliminate wasted current consumption on unused pins.
remark #10372-D: (ULP 4.1) Detected uninitialized Port 9 in this project. Recommend initializing all unused ports to eliminate wasted current consumption on unused pins.
remark #10372-D: (ULP 4.1) Detected uninitialized Port 10 in this project. Recommend initializing all unused ports to eliminate wasted current consumption on unused pins.
Finished building target: "PWM_Motors.out"
 

**** Build Finished ****

**** Build of configuration Debug for project PWM_Motors ****

"C:\\ti\\ccsv8\\utils\\bin\\gmake" -k -j 8 all -O 
 
gmake[1]: 'PWM_Motors.out' is up to date.

**** Build Finished ****

**** Build of configuration Debug for project GPIO_input ****

"C:\\ti\\ccsv8\\utils\\bin\\gmake" -k -j 8 all -O 
 
Building file: "../startup_msp432p401r_ccs.c"
Invoking: ARM Compiler
"C:/ti/ccsv8/tools/compiler/ti-cgt-arm_18.1.1.LTS/bin/armcl" -mv7M4 --code_state=16 --float_support=FPv4SPD16 -me --include_path="C:/ti/ccsv8/ccs_base/arm/include" --include_path="C:/ti/ccsv8/ccs_base/arm/include/CMSIS" --include_path="F:/MPS432/RSLK_base/GPIO_input" --include_path="C:/ti/ccsv8/tools/compiler/ti-cgt-arm_18.1.1.LTS/include" --advice:power=all --define=__MSP432P401R__ --define=ccs -g --gcc --diag_warning=225 --diag_wrap=off --display_error_number --abi=eabi --preproc_with_compile --preproc_dependency="startup_msp432p401r_ccs.d_raw"  "../startup_msp432p401r_ccs.c"
Finished building: "../startup_msp432p401r_ccs.c"
 
Building file: "../main.c"
Invoking: ARM Compiler
"C:/ti/ccsv8/tools/compiler/ti-cgt-arm_18.1.1.LTS/bin/armcl" -mv7M4 --code_state=16 --float_support=FPv4SPD16 -me --include_path="C:/ti/ccsv8/ccs_base/arm/include" --include_path="C:/ti/ccsv8/ccs_base/arm/include/CMSIS" --include_path="F:/MPS432/RSLK_base/GPIO_input" --include_path="C:/ti/ccsv8/tools/compiler/ti-cgt-arm_18.1.1.LTS/include" --advice:power=all --define=__MSP432P401R__ --define=ccs -g --gcc --diag_warning=225 --diag_wrap=off --display_error_number --abi=eabi --preproc_with_compile --preproc_dependency="main.d_raw"  "../main.c"
Finished building: "../main.c"
 
Building file: "../system_msp432p401r.c"
Invoking: ARM Compiler
"C:/ti/ccsv8/tools/compiler/ti-cgt-arm_18.1.1.LTS/bin/armcl" -mv7M4 --code_state=16 --float_support=FPv4SPD16 -me --include_path="C:/ti/ccsv8/ccs_base/arm/include" --include_path="C:/ti/ccsv8/ccs_base/arm/include/CMSIS" --include_path="F:/MPS432/RSLK_base/GPIO_input" --include_path="C:/ti/ccsv8/tools/compiler/ti-cgt-arm_18.1.1.LTS/include" --advice:power=all --define=__MSP432P401R__ --define=ccs -g --gcc --diag_warning=225 --diag_wrap=off --display_error_number --abi=eabi --preproc_with_compile --preproc_dependency="system_msp432p401r.d_raw"  "../system_msp432p401r.c"
"../system_msp432p401r.c", line 156: remark #2623-D: (ULP 5.4) Detected an assignment to a type with size less than int. To avoid unnecessary sign extension, use int-sized types for local varaibles and convert to smaller types for static storage.
"../system_msp432p401r.c", line 189: remark #2623-D: (ULP 5.4) Detected an assignment to a type with size less than int. To avoid unnecessary sign extension, use int-sized types for local varaibles and convert to smaller types for static storage.
Finished building: "../system_msp432p401r.c"
 
Building target: "GPIO_input.out"
Invoking: ARM Linker
"C:/ti/ccsv8/tools/compiler/ti-cgt-arm_18.1.1.LTS/bin/armcl" -mv7M4 --code_state=16 --float_support=FPv4SPD16 -me --advice:power=all --define=__MSP432P401R__ --define=ccs -g --gcc --diag_warning=225 --diag_wrap=off --display_error_number --abi=eabi -z -m"GPIO_input.map" --heap_size=1024 --stack_size=512 -i"C:/ti/ccsv8/ccs_base/arm/include" -i"C:/ti/ccsv8/tools/compiler/ti-cgt-arm_18.1.1.LTS/lib" -i"C:/ti/ccsv8/tools/compiler/ti-cgt-arm_18.1.1.LTS/include" --reread_libs --diag_wrap=off --display_error_number --warn_sections --xml_link_info="GPIO_input_linkInfo.xml" --rom_model -o "GPIO_input.out" "./main.obj" "./startup_msp432p401r_ccs.obj" "./system_msp432p401r.obj" "../msp432p401r.cmd"  -llibc.a 
<Linking>
remark #10371-D: (ULP 1.1) Detected no uses of low power mode state changing instructions
remark #10372-D: (ULP 4.1) Detected uninitialized Port 1 in this project. Recommend initializing all unused ports to eliminate wasted current consumption on unused pins.
remark #10372-D: (ULP 4.1) Detected uninitialized Port 2 in this project. Recommend initializing all unused ports to eliminate wasted current consumption on unused pins.
remark #10372-D: (ULP 4.1) Detected uninitialized Port 3 in this project. Recommend initializing all unused ports to eliminate wasted current consumption on unused pins.
remark #10372-D: (ULP 4.1) Detected uninitialized Port 4 in this project. Recommend initializing all unused ports to eliminate wasted current consumption on unused pins.
remark #10372-D: (ULP 4.1) Detected uninitialized Port 5 in this project. Recommend initializing all unused ports to eliminate wasted current consumption on unused pins.
remark #10372-D: (ULP 4.1) Detected uninitialized Port 6 in this project. Recommend initializing all unused ports to eliminate wasted current consumption on unused pins.
remark #10372-D: (ULP 4.1) Detected uninitialized Port 7 in this project. Recommend initializing all unused ports to eliminate wasted current consumption on unused pins.
remark #10372-D: (ULP 4.1) Detected uninitialized Port 8 in this project. Recommend initializing all unused ports to eliminate wasted current consumption on unused pins.
remark #10372-D: (ULP 4.1) Detected uninitialized Port 9 in this project. Recommend initializing all unused ports to eliminate wasted current consumption on unused pins.
remark #10372-D: (ULP 4.1) Detected uninitialized Port 10 in this project. Recommend initializing all unused ports to eliminate wasted current consumption on unused pins.
Finished building target: "GPIO_input.out"
 

**** Build Finished ****

**** Build of configuration Debug for project GPIO_input ****

"C:\\ti\\ccsv8\\utils\\bin\\gmake" -k -j 8 all -O 
 
gmake[1]: 'GPIO_input.out' is up to date.

**** Build Finished ****

**** Build of configuration Debug for project IRremote ****

"C:\\ti\\ccsv8\\utils\\bin\\gmake" -k -j 8 all -O 
 
gmake[1]: 'IRremote.out' is up to date.

**** Build Finished ****

**** Build of configuration Debug for project IRremote ****

"C:\\ti\\ccsv8\\utils\\bin\\gmake" -k -j 8 all -O 
 
gmake[1]: 'IRremote.out' is up to date.

**** Build Finished ****
